<?xml version="1.0" encoding="UTF-8"?>
<testng-results skipped="0" failed="3" total="14" passed="11">
  <reporter-output>
  </reporter-output>
  <suite name="Default suite" duration-ms="141412" started-at="2016-04-21T21:38:08Z" finished-at="2016-04-21T21:40:29Z">
    <groups>
    </groups>
    <test name="Default test" duration-ms="141412" started-at="2016-04-21T21:38:08Z" finished-at="2016-04-21T21:40:29Z">
      <class name="com.test.core.NativeLogInApp">
        <test-method status="PASS" signature="setUp()[pri:1, instance:com.test.core.NativeLogInApp@55f3ddb1]" name="setUp" duration-ms="12483" started-at="2016-04-21T17:38:08Z" finished-at="2016-04-21T17:38:20Z">
          <reporter-output>
          </reporter-output>
        </test-method> <!-- setUp -->
        <test-method status="PASS" signature="getTexts()[pri:2, instance:com.test.core.NativeLogInApp@55f3ddb1]" name="getTexts" duration-ms="3880" started-at="2016-04-21T17:38:20Z" finished-at="2016-04-21T17:38:24Z">
          <reporter-output>
          </reporter-output>
        </test-method> <!-- getTexts -->
        <test-method status="PASS" signature="clickUserAggrement()[pri:3, instance:com.test.core.NativeLogInApp@55f3ddb1]" name="clickUserAggrement" duration-ms="240" started-at="2016-04-21T17:38:24Z" finished-at="2016-04-21T17:38:24Z">
          <reporter-output>
          </reporter-output>
        </test-method> <!-- clickUserAggrement -->
        <test-method status="PASS" signature="setUpANewRoomba()[pri:4, instance:com.test.core.NativeLogInApp@55f3ddb1]" name="setUpANewRoomba" duration-ms="11576" started-at="2016-04-21T17:38:24Z" finished-at="2016-04-21T17:38:36Z">
          <reporter-output>
          </reporter-output>
        </test-method> <!-- setUpANewRoomba -->
        <test-method status="PASS" signature="nextOne()[pri:5, instance:com.test.core.NativeLogInApp@55f3ddb1]" name="nextOne" duration-ms="734" started-at="2016-04-21T17:38:36Z" finished-at="2016-04-21T17:38:37Z">
          <reporter-output>
          </reporter-output>
        </test-method> <!-- nextOne -->
        <test-method status="PASS" signature="nextTwo()[pri:6, instance:com.test.core.NativeLogInApp@55f3ddb1]" name="nextTwo" duration-ms="759" started-at="2016-04-21T17:38:37Z" finished-at="2016-04-21T17:38:37Z">
          <reporter-output>
          </reporter-output>
        </test-method> <!-- nextTwo -->
        <test-method status="PASS" signature="letsGo()[pri:7, instance:com.test.core.NativeLogInApp@55f3ddb1]" name="letsGo" duration-ms="913" started-at="2016-04-21T17:38:37Z" finished-at="2016-04-21T17:38:38Z">
          <reporter-output>
          </reporter-output>
        </test-method> <!-- letsGo -->
        <test-method status="PASS" signature="continueOne()[pri:8, instance:com.test.core.NativeLogInApp@55f3ddb1]" name="continueOne" duration-ms="806" started-at="2016-04-21T17:38:38Z" finished-at="2016-04-21T17:38:39Z">
          <reporter-output>
          </reporter-output>
        </test-method> <!-- continueOne -->
        <test-method status="PASS" signature="wifiSettings()[pri:9, instance:com.test.core.NativeLogInApp@55f3ddb1]" name="wifiSettings" duration-ms="16913" started-at="2016-04-21T17:38:39Z" finished-at="2016-04-21T17:38:56Z">
          <reporter-output>
          </reporter-output>
        </test-method> <!-- wifiSettings -->
        <test-method status="PASS" signature="activateRoomba()[pri:10, instance:com.test.core.NativeLogInApp@55f3ddb1]" name="activateRoomba" duration-ms="1093" started-at="2016-04-21T17:38:56Z" finished-at="2016-04-21T17:38:57Z">
          <reporter-output>
          </reporter-output>
        </test-method> <!-- activateRoomba -->
        <test-method status="PASS" signature="success()[pri:11, instance:com.test.core.NativeLogInApp@55f3ddb1]" name="success" duration-ms="26727" started-at="2016-04-21T17:38:57Z" finished-at="2016-04-21T17:39:24Z">
          <reporter-output>
          </reporter-output>
        </test-method> <!-- success -->
        <test-method status="FAIL" signature="personalizeRooma()[pri:12, instance:com.test.core.NativeLogInApp@55f3ddb1]" name="personalizeRooma" duration-ms="44535" started-at="2016-04-21T17:39:24Z" finished-at="2016-04-21T17:40:08Z">
          <exception class="org.openqa.selenium.NoSuchElementException">
            <message>
              <![CDATA[An element could not be located on the page using the given search parameters. (WARNING: The server did not provide any stacktrace information)
Command duration or timeout: 44.52 seconds
For documentation on this error, please visit: http://seleniumhq.org/exceptions/no_such_element.html
Build info: version: '2.53.0', revision: '35ae25b1534ae328c771e0856c93e187490ca824', time: '2016-03-15 10:43:46'
System info: host: 'irbt-4576.wardrobe.irobot.com', ip: '10.70.22.151', os.name: 'Mac OS X', os.arch: 'x86_64', os.version: '10.11.4', java.version: '1.8.0_31'
Driver info: io.appium.java_client.android.AndroidDriver
Capabilities [{app=/Users/cigniti_apasunoori/Documents/apps/apk/irobot-debug.196.apk, networkConnectionEnabled=true, warnings={}, databaseEnabled=false, deviceName=1015fa3194333705, platform=LINUX, desired={app=/Users/cigniti_apasunoori/Documents/apps/apk/irobot-debug.196.apk, platformName=Android, device=Android, deviceName=Galaxy S6}, platformVersion=6.0.1, webStorageEnabled=false, locationContextEnabled=false, browserName=Android, takesScreenshot=true, javascriptEnabled=true, platformName=Android, device=Android}]
Session ID: edd6398b-92c0-41d1-a6bf-9ba294648b3c
*** Element info: {Using=id, value=com.irobot.home:id/robotNameInput}]]>
            </message>
            <full-stacktrace>
              <![CDATA[org.openqa.selenium.NoSuchElementException: An element could not be located on the page using the given search parameters. (WARNING: The server did not provide any stacktrace information)
Command duration or timeout: 44.52 seconds
For documentation on this error, please visit: http://seleniumhq.org/exceptions/no_such_element.html
Build info: version: '2.53.0', revision: '35ae25b1534ae328c771e0856c93e187490ca824', time: '2016-03-15 10:43:46'
System info: host: 'irbt-4576.wardrobe.irobot.com', ip: '10.70.22.151', os.name: 'Mac OS X', os.arch: 'x86_64', os.version: '10.11.4', java.version: '1.8.0_31'
Driver info: io.appium.java_client.android.AndroidDriver
Capabilities [{app=/Users/cigniti_apasunoori/Documents/apps/apk/irobot-debug.196.apk, networkConnectionEnabled=true, warnings={}, databaseEnabled=false, deviceName=1015fa3194333705, platform=LINUX, desired={app=/Users/cigniti_apasunoori/Documents/apps/apk/irobot-debug.196.apk, platformName=Android, device=Android, deviceName=Galaxy S6}, platformVersion=6.0.1, webStorageEnabled=false, locationContextEnabled=false, browserName=Android, takesScreenshot=true, javascriptEnabled=true, platformName=Android, device=Android}]
Session ID: edd6398b-92c0-41d1-a6bf-9ba294648b3c
*** Element info: {Using=id, value=com.irobot.home:id/robotNameInput}
	at sun.reflect.NativeConstructorAccessorImpl.newInstance0(Native Method)
	at sun.reflect.NativeConstructorAccessorImpl.newInstance(NativeConstructorAccessorImpl.java:62)
	at sun.reflect.DelegatingConstructorAccessorImpl.newInstance(DelegatingConstructorAccessorImpl.java:45)
	at java.lang.reflect.Constructor.newInstance(Constructor.java:408)
	at org.openqa.selenium.remote.ErrorHandler.createThrowable(ErrorHandler.java:206)
	at org.openqa.selenium.remote.ErrorHandler.throwIfResponseFailed(ErrorHandler.java:158)
	at org.openqa.selenium.remote.RemoteWebDriver.execute(RemoteWebDriver.java:678)
	at io.appium.java_client.AppiumDriver.execute(AppiumDriver.java:180)
	at org.openqa.selenium.remote.RemoteWebDriver.findElement(RemoteWebDriver.java:363)
	at org.openqa.selenium.remote.RemoteWebDriver.findElementById(RemoteWebDriver.java:413)
	at org.openqa.selenium.By$ById.findElement(By.java:218)
	at org.openqa.selenium.remote.RemoteWebDriver.findElement(RemoteWebDriver.java:355)
	at com.test.core.NativeLogInApp.personalizeRooma(NativeLogInApp.java:171)
	at sun.reflect.NativeMethodAccessorImpl.invoke0(Native Method)
	at sun.reflect.NativeMethodAccessorImpl.invoke(NativeMethodAccessorImpl.java:62)
	at sun.reflect.DelegatingMethodAccessorImpl.invoke(DelegatingMethodAccessorImpl.java:43)
	at java.lang.reflect.Method.invoke(Method.java:483)
	at org.testng.internal.MethodInvocationHelper.invokeMethod(MethodInvocationHelper.java:86)
	at org.testng.internal.Invoker.invokeMethod(Invoker.java:643)
	at org.testng.internal.Invoker.invokeTestMethod(Invoker.java:820)
	at org.testng.internal.Invoker.invokeTestMethods(Invoker.java:1128)
	at org.testng.internal.TestMethodWorker.invokeTestMethods(TestMethodWorker.java:129)
	at org.testng.internal.TestMethodWorker.run(TestMethodWorker.java:112)
	at org.testng.TestRunner.privateRun(TestRunner.java:782)
	at org.testng.TestRunner.run(TestRunner.java:632)
	at org.testng.SuiteRunner.runTest(SuiteRunner.java:366)
	at org.testng.SuiteRunner.runSequentially(SuiteRunner.java:361)
	at org.testng.SuiteRunner.privateRun(SuiteRunner.java:319)
	at org.testng.SuiteRunner.run(SuiteRunner.java:268)
	at org.testng.SuiteRunnerWorker.runSuite(SuiteRunnerWorker.java:52)
	at org.testng.SuiteRunnerWorker.run(SuiteRunnerWorker.java:86)
	at org.testng.TestNG.runSuitesSequentially(TestNG.java:1244)
	at org.testng.TestNG.runSuitesLocally(TestNG.java:1169)
	at org.testng.TestNG.run(TestNG.java:1064)
	at org.testng.remote.AbstractRemoteTestNG.run(AbstractRemoteTestNG.java:126)
	at org.testng.remote.RemoteTestNG.initAndRun(RemoteTestNG.java:137)
	at org.testng.remote.RemoteTestNG.main(RemoteTestNG.java:58)
]]>
            </full-stacktrace>
          </exception> <!-- org.openqa.selenium.NoSuchElementException -->
          <reporter-output>
          </reporter-output>
        </test-method> <!-- personalizeRooma -->
        <test-method status="FAIL" signature="inputEmailId()[pri:13, instance:com.test.core.NativeLogInApp@55f3ddb1]" name="inputEmailId" duration-ms="10333" started-at="2016-04-21T17:40:08Z" finished-at="2016-04-21T17:40:19Z">
          <exception class="org.openqa.selenium.NoSuchElementException">
            <message>
              <![CDATA[An element could not be located on the page using the given search parameters. (WARNING: The server did not provide any stacktrace information)
Command duration or timeout: 10.33 seconds
For documentation on this error, please visit: http://seleniumhq.org/exceptions/no_such_element.html
Build info: version: '2.53.0', revision: '35ae25b1534ae328c771e0856c93e187490ca824', time: '2016-03-15 10:43:46'
System info: host: 'irbt-4576.wardrobe.irobot.com', ip: '10.70.22.151', os.name: 'Mac OS X', os.arch: 'x86_64', os.version: '10.11.4', java.version: '1.8.0_31'
Driver info: io.appium.java_client.android.AndroidDriver
Capabilities [{app=/Users/cigniti_apasunoori/Documents/apps/apk/irobot-debug.196.apk, networkConnectionEnabled=true, warnings={}, databaseEnabled=false, deviceName=1015fa3194333705, platform=LINUX, desired={app=/Users/cigniti_apasunoori/Documents/apps/apk/irobot-debug.196.apk, platformName=Android, device=Android, deviceName=Galaxy S6}, platformVersion=6.0.1, webStorageEnabled=false, locationContextEnabled=false, browserName=Android, takesScreenshot=true, javascriptEnabled=true, platformName=Android, device=Android}]
Session ID: edd6398b-92c0-41d1-a6bf-9ba294648b3c
*** Element info: {Using=id, value=com.irobot.home:id/table_row_text}]]>
            </message>
            <full-stacktrace>
              <![CDATA[org.openqa.selenium.NoSuchElementException: An element could not be located on the page using the given search parameters. (WARNING: The server did not provide any stacktrace information)
Command duration or timeout: 10.33 seconds
For documentation on this error, please visit: http://seleniumhq.org/exceptions/no_such_element.html
Build info: version: '2.53.0', revision: '35ae25b1534ae328c771e0856c93e187490ca824', time: '2016-03-15 10:43:46'
System info: host: 'irbt-4576.wardrobe.irobot.com', ip: '10.70.22.151', os.name: 'Mac OS X', os.arch: 'x86_64', os.version: '10.11.4', java.version: '1.8.0_31'
Driver info: io.appium.java_client.android.AndroidDriver
Capabilities [{app=/Users/cigniti_apasunoori/Documents/apps/apk/irobot-debug.196.apk, networkConnectionEnabled=true, warnings={}, databaseEnabled=false, deviceName=1015fa3194333705, platform=LINUX, desired={app=/Users/cigniti_apasunoori/Documents/apps/apk/irobot-debug.196.apk, platformName=Android, device=Android, deviceName=Galaxy S6}, platformVersion=6.0.1, webStorageEnabled=false, locationContextEnabled=false, browserName=Android, takesScreenshot=true, javascriptEnabled=true, platformName=Android, device=Android}]
Session ID: edd6398b-92c0-41d1-a6bf-9ba294648b3c
*** Element info: {Using=id, value=com.irobot.home:id/table_row_text}
	at sun.reflect.NativeConstructorAccessorImpl.newInstance0(Native Method)
	at sun.reflect.NativeConstructorAccessorImpl.newInstance(NativeConstructorAccessorImpl.java:62)
	at sun.reflect.DelegatingConstructorAccessorImpl.newInstance(DelegatingConstructorAccessorImpl.java:45)
	at java.lang.reflect.Constructor.newInstance(Constructor.java:408)
	at org.openqa.selenium.remote.ErrorHandler.createThrowable(ErrorHandler.java:206)
	at org.openqa.selenium.remote.ErrorHandler.throwIfResponseFailed(ErrorHandler.java:158)
	at org.openqa.selenium.remote.RemoteWebDriver.execute(RemoteWebDriver.java:678)
	at io.appium.java_client.AppiumDriver.execute(AppiumDriver.java:180)
	at org.openqa.selenium.remote.RemoteWebDriver.findElement(RemoteWebDriver.java:363)
	at org.openqa.selenium.remote.RemoteWebDriver.findElementById(RemoteWebDriver.java:413)
	at org.openqa.selenium.By$ById.findElement(By.java:218)
	at org.openqa.selenium.remote.RemoteWebDriver.findElement(RemoteWebDriver.java:355)
	at com.test.core.NativeLogInApp.inputEmailId(NativeLogInApp.java:178)
	at sun.reflect.NativeMethodAccessorImpl.invoke0(Native Method)
	at sun.reflect.NativeMethodAccessorImpl.invoke(NativeMethodAccessorImpl.java:62)
	at sun.reflect.DelegatingMethodAccessorImpl.invoke(DelegatingMethodAccessorImpl.java:43)
	at java.lang.reflect.Method.invoke(Method.java:483)
	at org.testng.internal.MethodInvocationHelper.invokeMethod(MethodInvocationHelper.java:86)
	at org.testng.internal.Invoker.invokeMethod(Invoker.java:643)
	at org.testng.internal.Invoker.invokeTestMethod(Invoker.java:820)
	at org.testng.internal.Invoker.invokeTestMethods(Invoker.java:1128)
	at org.testng.internal.TestMethodWorker.invokeTestMethods(TestMethodWorker.java:129)
	at org.testng.internal.TestMethodWorker.run(TestMethodWorker.java:112)
	at org.testng.TestRunner.privateRun(TestRunner.java:782)
	at org.testng.TestRunner.run(TestRunner.java:632)
	at org.testng.SuiteRunner.runTest(SuiteRunner.java:366)
	at org.testng.SuiteRunner.runSequentially(SuiteRunner.java:361)
	at org.testng.SuiteRunner.privateRun(SuiteRunner.java:319)
	at org.testng.SuiteRunner.run(SuiteRunner.java:268)
	at org.testng.SuiteRunnerWorker.runSuite(SuiteRunnerWorker.java:52)
	at org.testng.SuiteRunnerWorker.run(SuiteRunnerWorker.java:86)
	at org.testng.TestNG.runSuitesSequentially(TestNG.java:1244)
	at org.testng.TestNG.runSuitesLocally(TestNG.java:1169)
	at org.testng.TestNG.run(TestNG.java:1064)
	at org.testng.remote.AbstractRemoteTestNG.run(AbstractRemoteTestNG.java:126)
	at org.testng.remote.RemoteTestNG.initAndRun(RemoteTestNG.java:137)
	at org.testng.remote.RemoteTestNG.main(RemoteTestNG.java:58)
]]>
            </full-stacktrace>
          </exception> <!-- org.openqa.selenium.NoSuchElementException -->
          <reporter-output>
          </reporter-output>
        </test-method> <!-- inputEmailId -->
        <test-method status="FAIL" signature="clickOnDone()[pri:14, instance:com.test.core.NativeLogInApp@55f3ddb1]" name="clickOnDone" duration-ms="10376" started-at="2016-04-21T17:40:19Z" finished-at="2016-04-21T17:40:29Z">
          <exception class="org.openqa.selenium.NoSuchElementException">
            <message>
              <![CDATA[An element could not be located on the page using the given search parameters. (WARNING: The server did not provide any stacktrace information)
Command duration or timeout: 10.37 seconds
For documentation on this error, please visit: http://seleniumhq.org/exceptions/no_such_element.html
Build info: version: '2.53.0', revision: '35ae25b1534ae328c771e0856c93e187490ca824', time: '2016-03-15 10:43:46'
System info: host: 'irbt-4576.wardrobe.irobot.com', ip: '10.70.22.151', os.name: 'Mac OS X', os.arch: 'x86_64', os.version: '10.11.4', java.version: '1.8.0_31'
Driver info: io.appium.java_client.android.AndroidDriver
Capabilities [{app=/Users/cigniti_apasunoori/Documents/apps/apk/irobot-debug.196.apk, networkConnectionEnabled=true, warnings={}, databaseEnabled=false, deviceName=1015fa3194333705, platform=LINUX, desired={app=/Users/cigniti_apasunoori/Documents/apps/apk/irobot-debug.196.apk, platformName=Android, device=Android, deviceName=Galaxy S6}, platformVersion=6.0.1, webStorageEnabled=false, locationContextEnabled=false, browserName=Android, takesScreenshot=true, javascriptEnabled=true, platformName=Android, device=Android}]
Session ID: edd6398b-92c0-41d1-a6bf-9ba294648b3c
*** Element info: {Using=id, value=com.irobot.home:id/btnDone}]]>
            </message>
            <full-stacktrace>
              <![CDATA[org.openqa.selenium.NoSuchElementException: An element could not be located on the page using the given search parameters. (WARNING: The server did not provide any stacktrace information)
Command duration or timeout: 10.37 seconds
For documentation on this error, please visit: http://seleniumhq.org/exceptions/no_such_element.html
Build info: version: '2.53.0', revision: '35ae25b1534ae328c771e0856c93e187490ca824', time: '2016-03-15 10:43:46'
System info: host: 'irbt-4576.wardrobe.irobot.com', ip: '10.70.22.151', os.name: 'Mac OS X', os.arch: 'x86_64', os.version: '10.11.4', java.version: '1.8.0_31'
Driver info: io.appium.java_client.android.AndroidDriver
Capabilities [{app=/Users/cigniti_apasunoori/Documents/apps/apk/irobot-debug.196.apk, networkConnectionEnabled=true, warnings={}, databaseEnabled=false, deviceName=1015fa3194333705, platform=LINUX, desired={app=/Users/cigniti_apasunoori/Documents/apps/apk/irobot-debug.196.apk, platformName=Android, device=Android, deviceName=Galaxy S6}, platformVersion=6.0.1, webStorageEnabled=false, locationContextEnabled=false, browserName=Android, takesScreenshot=true, javascriptEnabled=true, platformName=Android, device=Android}]
Session ID: edd6398b-92c0-41d1-a6bf-9ba294648b3c
*** Element info: {Using=id, value=com.irobot.home:id/btnDone}
	at sun.reflect.NativeConstructorAccessorImpl.newInstance0(Native Method)
	at sun.reflect.NativeConstructorAccessorImpl.newInstance(NativeConstructorAccessorImpl.java:62)
	at sun.reflect.DelegatingConstructorAccessorImpl.newInstance(DelegatingConstructorAccessorImpl.java:45)
	at java.lang.reflect.Constructor.newInstance(Constructor.java:408)
	at org.openqa.selenium.remote.ErrorHandler.createThrowable(ErrorHandler.java:206)
	at org.openqa.selenium.remote.ErrorHandler.throwIfResponseFailed(ErrorHandler.java:158)
	at org.openqa.selenium.remote.RemoteWebDriver.execute(RemoteWebDriver.java:678)
	at io.appium.java_client.AppiumDriver.execute(AppiumDriver.java:180)
	at org.openqa.selenium.remote.RemoteWebDriver.findElement(RemoteWebDriver.java:363)
	at org.openqa.selenium.remote.RemoteWebDriver.findElementById(RemoteWebDriver.java:413)
	at org.openqa.selenium.By$ById.findElement(By.java:218)
	at org.openqa.selenium.remote.RemoteWebDriver.findElement(RemoteWebDriver.java:355)
	at com.test.core.NativeLogInApp.clickOnDone(NativeLogInApp.java:185)
	at sun.reflect.NativeMethodAccessorImpl.invoke0(Native Method)
	at sun.reflect.NativeMethodAccessorImpl.invoke(NativeMethodAccessorImpl.java:62)
	at sun.reflect.DelegatingMethodAccessorImpl.invoke(DelegatingMethodAccessorImpl.java:43)
	at java.lang.reflect.Method.invoke(Method.java:483)
	at org.testng.internal.MethodInvocationHelper.invokeMethod(MethodInvocationHelper.java:86)
	at org.testng.internal.Invoker.invokeMethod(Invoker.java:643)
	at org.testng.internal.Invoker.invokeTestMethod(Invoker.java:820)
	at org.testng.internal.Invoker.invokeTestMethods(Invoker.java:1128)
	at org.testng.internal.TestMethodWorker.invokeTestMethods(TestMethodWorker.java:129)
	at org.testng.internal.TestMethodWorker.run(TestMethodWorker.java:112)
	at org.testng.TestRunner.privateRun(TestRunner.java:782)
	at org.testng.TestRunner.run(TestRunner.java:632)
	at org.testng.SuiteRunner.runTest(SuiteRunner.java:366)
	at org.testng.SuiteRunner.runSequentially(SuiteRunner.java:361)
	at org.testng.SuiteRunner.privateRun(SuiteRunner.java:319)
	at org.testng.SuiteRunner.run(SuiteRunner.java:268)
	at org.testng.SuiteRunnerWorker.runSuite(SuiteRunnerWorker.java:52)
	at org.testng.SuiteRunnerWorker.run(SuiteRunnerWorker.java:86)
	at org.testng.TestNG.runSuitesSequentially(TestNG.java:1244)
	at org.testng.TestNG.runSuitesLocally(TestNG.java:1169)
	at org.testng.TestNG.run(TestNG.java:1064)
	at org.testng.remote.AbstractRemoteTestNG.run(AbstractRemoteTestNG.java:126)
	at org.testng.remote.RemoteTestNG.initAndRun(RemoteTestNG.java:137)
	at org.testng.remote.RemoteTestNG.main(RemoteTestNG.java:58)
]]>
            </full-stacktrace>
          </exception> <!-- org.openqa.selenium.NoSuchElementException -->
          <reporter-output>
          </reporter-output>
        </test-method> <!-- clickOnDone -->
      </class> <!-- com.test.core.NativeLogInApp -->
    </test> <!-- Default test -->
  </suite> <!-- Default suite -->
</testng-results>
